CRITICAL - 2024-03-05 17:42:01 --> CodeIgniter\View\Exceptions\ViewException: Invalid file: "aaa.php"
in SYSTEMPATH/Exceptions/FrameworkException.php on line 39.
 1 SYSTEMPATH/View/View.php(216): CodeIgniter\Exceptions\FrameworkException::forInvalidFile()
 2 SYSTEMPATH/Common.php(1178): CodeIgniter\View\View->render()
 3 APPPATH/Controllers/Home.php(12): view()
 4 SYSTEMPATH/CodeIgniter.php(941): App\Controllers\Home->index()
 5 SYSTEMPATH/CodeIgniter.php(502): CodeIgniter\CodeIgniter->runController()
 6 SYSTEMPATH/CodeIgniter.php(361): CodeIgniter\CodeIgniter->handleRequest()
 7 FCPATH/index.php(79): CodeIgniter\CodeIgniter->run()
 8 SYSTEMPATH/Commands/Server/rewrite.php(47): require_once('/home/aluno/Documentos/codeigniter4-framework-7d393f8/public/index.php')
CRITICAL - 2024-03-05 18:45:56 --> ErrorException: Array to string conversion
in APPPATH/Views/info.php on line 117.
 1 APPPATH/Views/info.php(117): CodeIgniter\Debug\Exceptions->errorHandler()
 2 SYSTEMPATH/View/View.php(228): include('/home/aluno/Documentos/codeigniter4-framework-7d393f8/app/Views/info.php')
 3 SYSTEMPATH/View/View.php(231): CodeIgniter\View\View->CodeIgniter\View\{closure}()
 4 SYSTEMPATH/Common.php(1178): CodeIgniter\View\View->render()
 5 APPPATH/Controllers/Home.php(32): view()
 6 SYSTEMPATH/CodeIgniter.php(941): App\Controllers\Home->formdata()
 7 SYSTEMPATH/CodeIgniter.php(502): CodeIgniter\CodeIgniter->runController()
 8 SYSTEMPATH/CodeIgniter.php(361): CodeIgniter\CodeIgniter->handleRequest()
 9 FCPATH/index.php(79): CodeIgniter\CodeIgniter->run()
10 SYSTEMPATH/Commands/Server/rewrite.php(47): require_once('/home/aluno/Documentos/codeigniter4-framework-7d393f8/public/index.php')
CRITICAL - 2024-03-05 18:47:54 --> ErrorException: Array to string conversion
in APPPATH/Views/info.php on line 117.
 1 APPPATH/Views/info.php(117): CodeIgniter\Debug\Exceptions->errorHandler()
 2 SYSTEMPATH/View/View.php(228): include('/home/aluno/Documentos/codeigniter4-framework-7d393f8/app/Views/info.php')
 3 SYSTEMPATH/View/View.php(231): CodeIgniter\View\View->CodeIgniter\View\{closure}()
 4 SYSTEMPATH/Common.php(1178): CodeIgniter\View\View->render()
 5 APPPATH/Controllers/Home.php(32): view()
 6 SYSTEMPATH/CodeIgniter.php(941): App\Controllers\Home->formdata()
 7 SYSTEMPATH/CodeIgniter.php(502): CodeIgniter\CodeIgniter->runController()
 8 SYSTEMPATH/CodeIgniter.php(361): CodeIgniter\CodeIgniter->handleRequest()
 9 FCPATH/index.php(79): CodeIgniter\CodeIgniter->run()
10 SYSTEMPATH/Commands/Server/rewrite.php(47): require_once('/home/aluno/Documentos/codeigniter4-framework-7d393f8/public/index.php')
CRITICAL - 2024-03-05 18:49:21 --> ErrorException: Array to string conversion
in APPPATH/Views/info.php on line 117.
 1 APPPATH/Views/info.php(117): CodeIgniter\Debug\Exceptions->errorHandler()
 2 SYSTEMPATH/View/View.php(228): include('/home/aluno/Documentos/codeigniter4-framework-7d393f8/app/Views/info.php')
 3 SYSTEMPATH/View/View.php(231): CodeIgniter\View\View->CodeIgniter\View\{closure}()
 4 SYSTEMPATH/Common.php(1178): CodeIgniter\View\View->render()
 5 APPPATH/Controllers/Home.php(32): view()
 6 SYSTEMPATH/CodeIgniter.php(941): App\Controllers\Home->formdata()
 7 SYSTEMPATH/CodeIgniter.php(502): CodeIgniter\CodeIgniter->runController()
 8 SYSTEMPATH/CodeIgniter.php(361): CodeIgniter\CodeIgniter->handleRequest()
 9 FCPATH/index.php(79): CodeIgniter\CodeIgniter->run()
10 SYSTEMPATH/Commands/Server/rewrite.php(47): require_once('/home/aluno/Documentos/codeigniter4-framework-7d393f8/public/index.php')
CRITICAL - 2024-03-05 18:55:18 --> ErrorException: Array to string conversion
in APPPATH/Views/info.php on line 119.
 1 APPPATH/Views/info.php(119): CodeIgniter\Debug\Exceptions->errorHandler()
 2 SYSTEMPATH/View/View.php(228): include('/home/aluno/Documentos/codeigniter4-framework-7d393f8/app/Views/info.php')
 3 SYSTEMPATH/View/View.php(231): CodeIgniter\View\View->CodeIgniter\View\{closure}()
 4 SYSTEMPATH/Common.php(1178): CodeIgniter\View\View->render()
 5 APPPATH/Controllers/Home.php(32): view()
 6 SYSTEMPATH/CodeIgniter.php(941): App\Controllers\Home->formdata()
 7 SYSTEMPATH/CodeIgniter.php(502): CodeIgniter\CodeIgniter->runController()
 8 SYSTEMPATH/CodeIgniter.php(361): CodeIgniter\CodeIgniter->handleRequest()
 9 FCPATH/index.php(79): CodeIgniter\CodeIgniter->run()
10 SYSTEMPATH/Commands/Server/rewrite.php(47): require_once('/home/aluno/Documentos/codeigniter4-framework-7d393f8/public/index.php')
CRITICAL - 2024-03-05 18:59:13 --> ErrorException: Array to string conversion
in APPPATH/Views/info.php on line 117.
 1 APPPATH/Views/info.php(117): CodeIgniter\Debug\Exceptions->errorHandler()
 2 SYSTEMPATH/View/View.php(228): include('/home/aluno/Documentos/codeigniter4-framework-7d393f8/app/Views/info.php')
 3 SYSTEMPATH/View/View.php(231): CodeIgniter\View\View->CodeIgniter\View\{closure}()
 4 SYSTEMPATH/Common.php(1178): CodeIgniter\View\View->render()
 5 APPPATH/Controllers/Home.php(32): view()
 6 SYSTEMPATH/CodeIgniter.php(941): App\Controllers\Home->formdata()
 7 SYSTEMPATH/CodeIgniter.php(502): CodeIgniter\CodeIgniter->runController()
 8 SYSTEMPATH/CodeIgniter.php(361): CodeIgniter\CodeIgniter->handleRequest()
 9 FCPATH/index.php(79): CodeIgniter\CodeIgniter->run()
10 SYSTEMPATH/Commands/Server/rewrite.php(47): require_once('/home/aluno/Documentos/codeigniter4-framework-7d393f8/public/index.php')
CRITICAL - 2024-03-05 19:01:59 --> ErrorException: Array to string conversion
in APPPATH/Views/info.php on line 117.
 1 APPPATH/Views/info.php(117): CodeIgniter\Debug\Exceptions->errorHandler()
 2 SYSTEMPATH/View/View.php(228): include('/home/aluno/Documentos/codeigniter4-framework-7d393f8/app/Views/info.php')
 3 SYSTEMPATH/View/View.php(231): CodeIgniter\View\View->CodeIgniter\View\{closure}()
 4 SYSTEMPATH/Common.php(1178): CodeIgniter\View\View->render()
 5 APPPATH/Controllers/Home.php(32): view()
 6 SYSTEMPATH/CodeIgniter.php(941): App\Controllers\Home->formdata()
 7 SYSTEMPATH/CodeIgniter.php(502): CodeIgniter\CodeIgniter->runController()
 8 SYSTEMPATH/CodeIgniter.php(361): CodeIgniter\CodeIgniter->handleRequest()
 9 FCPATH/index.php(79): CodeIgniter\CodeIgniter->run()
10 SYSTEMPATH/Commands/Server/rewrite.php(47): require_once('/home/aluno/Documentos/codeigniter4-framework-7d393f8/public/index.php')
CRITICAL - 2024-03-05 19:02:14 --> ErrorException: Array to string conversion
in APPPATH/Views/info.php on line 117.
 1 APPPATH/Views/info.php(117): CodeIgniter\Debug\Exceptions->errorHandler()
 2 SYSTEMPATH/View/View.php(228): include('/home/aluno/Documentos/codeigniter4-framework-7d393f8/app/Views/info.php')
 3 SYSTEMPATH/View/View.php(231): CodeIgniter\View\View->CodeIgniter\View\{closure}()
 4 SYSTEMPATH/Common.php(1178): CodeIgniter\View\View->render()
 5 APPPATH/Controllers/Home.php(32): view()
 6 SYSTEMPATH/CodeIgniter.php(941): App\Controllers\Home->formdata()
 7 SYSTEMPATH/CodeIgniter.php(502): CodeIgniter\CodeIgniter->runController()
 8 SYSTEMPATH/CodeIgniter.php(361): CodeIgniter\CodeIgniter->handleRequest()
 9 FCPATH/index.php(79): CodeIgniter\CodeIgniter->run()
10 SYSTEMPATH/Commands/Server/rewrite.php(47): require_once('/home/aluno/Documentos/codeigniter4-framework-7d393f8/public/index.php')
CRITICAL - 2024-03-05 19:04:18 --> ErrorException: Array to string conversion
in APPPATH/Views/info.php on line 117.
 1 APPPATH/Views/info.php(117): CodeIgniter\Debug\Exceptions->errorHandler()
 2 SYSTEMPATH/View/View.php(228): include('/home/aluno/Documentos/codeigniter4-framework-7d393f8/app/Views/info.php')
 3 SYSTEMPATH/View/View.php(231): CodeIgniter\View\View->CodeIgniter\View\{closure}()
 4 SYSTEMPATH/Common.php(1178): CodeIgniter\View\View->render()
 5 APPPATH/Controllers/Home.php(32): view()
 6 SYSTEMPATH/CodeIgniter.php(941): App\Controllers\Home->formdata()
 7 SYSTEMPATH/CodeIgniter.php(502): CodeIgniter\CodeIgniter->runController()
 8 SYSTEMPATH/CodeIgniter.php(361): CodeIgniter\CodeIgniter->handleRequest()
 9 FCPATH/index.php(79): CodeIgniter\CodeIgniter->run()
10 SYSTEMPATH/Commands/Server/rewrite.php(47): require_once('/home/aluno/Documentos/codeigniter4-framework-7d393f8/public/index.php')
CRITICAL - 2024-03-05 19:04:33 --> ErrorException: Array to string conversion
in APPPATH/Views/info.php on line 116.
 1 APPPATH/Views/info.php(116): CodeIgniter\Debug\Exceptions->errorHandler()
 2 SYSTEMPATH/View/View.php(228): include('/home/aluno/Documentos/codeigniter4-framework-7d393f8/app/Views/info.php')
 3 SYSTEMPATH/View/View.php(231): CodeIgniter\View\View->CodeIgniter\View\{closure}()
 4 SYSTEMPATH/Common.php(1178): CodeIgniter\View\View->render()
 5 APPPATH/Controllers/Home.php(32): view()
 6 SYSTEMPATH/CodeIgniter.php(941): App\Controllers\Home->formdata()
 7 SYSTEMPATH/CodeIgniter.php(502): CodeIgniter\CodeIgniter->runController()
 8 SYSTEMPATH/CodeIgniter.php(361): CodeIgniter\CodeIgniter->handleRequest()
 9 FCPATH/index.php(79): CodeIgniter\CodeIgniter->run()
10 SYSTEMPATH/Commands/Server/rewrite.php(47): require_once('/home/aluno/Documentos/codeigniter4-framework-7d393f8/public/index.php')
CRITICAL - 2024-03-05 19:06:52 --> ErrorException: Array to string conversion
in APPPATH/Views/info.php on line 117.
 1 APPPATH/Views/info.php(117): CodeIgniter\Debug\Exceptions->errorHandler()
 2 SYSTEMPATH/View/View.php(228): include('/home/aluno/Documentos/codeigniter4-framework-7d393f8/app/Views/info.php')
 3 SYSTEMPATH/View/View.php(231): CodeIgniter\View\View->CodeIgniter\View\{closure}()
 4 SYSTEMPATH/Common.php(1178): CodeIgniter\View\View->render()
 5 APPPATH/Controllers/Home.php(32): view()
 6 SYSTEMPATH/CodeIgniter.php(941): App\Controllers\Home->formdata()
 7 SYSTEMPATH/CodeIgniter.php(502): CodeIgniter\CodeIgniter->runController()
 8 SYSTEMPATH/CodeIgniter.php(361): CodeIgniter\CodeIgniter->handleRequest()
 9 FCPATH/index.php(79): CodeIgniter\CodeIgniter->run()
10 SYSTEMPATH/Commands/Server/rewrite.php(47): require_once('/home/aluno/Documentos/codeigniter4-framework-7d393f8/public/index.php')
CRITICAL - 2024-03-05 19:09:25 --> ErrorException: Array to string conversion
in APPPATH/Views/info.php on line 117.
 1 APPPATH/Views/info.php(117): CodeIgniter\Debug\Exceptions->errorHandler()
 2 SYSTEMPATH/View/View.php(228): include('/home/aluno/Documentos/codeigniter4-framework-7d393f8/app/Views/info.php')
 3 SYSTEMPATH/View/View.php(231): CodeIgniter\View\View->CodeIgniter\View\{closure}()
 4 SYSTEMPATH/Common.php(1178): CodeIgniter\View\View->render()
 5 APPPATH/Controllers/Home.php(32): view()
 6 SYSTEMPATH/CodeIgniter.php(941): App\Controllers\Home->formdata()
 7 SYSTEMPATH/CodeIgniter.php(502): CodeIgniter\CodeIgniter->runController()
 8 SYSTEMPATH/CodeIgniter.php(361): CodeIgniter\CodeIgniter->handleRequest()
 9 FCPATH/index.php(79): CodeIgniter\CodeIgniter->run()
10 SYSTEMPATH/Commands/Server/rewrite.php(47): require_once('/home/aluno/Documentos/codeigniter4-framework-7d393f8/public/index.php')
CRITICAL - 2024-03-05 19:12:01 --> ErrorException: Array to string conversion
in APPPATH/Views/info.php on line 117.
 1 APPPATH/Views/info.php(117): CodeIgniter\Debug\Exceptions->errorHandler()
 2 SYSTEMPATH/View/View.php(228): include('/home/aluno/Documentos/codeigniter4-framework-7d393f8/app/Views/info.php')
 3 SYSTEMPATH/View/View.php(231): CodeIgniter\View\View->CodeIgniter\View\{closure}()
 4 SYSTEMPATH/Common.php(1178): CodeIgniter\View\View->render()
 5 APPPATH/Controllers/Home.php(32): view()
 6 SYSTEMPATH/CodeIgniter.php(941): App\Controllers\Home->formdata()
 7 SYSTEMPATH/CodeIgniter.php(502): CodeIgniter\CodeIgniter->runController()
 8 SYSTEMPATH/CodeIgniter.php(361): CodeIgniter\CodeIgniter->handleRequest()
 9 FCPATH/index.php(79): CodeIgniter\CodeIgniter->run()
10 SYSTEMPATH/Commands/Server/rewrite.php(47): require_once('/home/aluno/Documentos/codeigniter4-framework-7d393f8/public/index.php')
CRITICAL - 2024-03-05 19:37:04 --> ErrorException: Undefined variable $anonascimento
in APPPATH/Views/info.php on line 111.
 1 APPPATH/Views/info.php(111): CodeIgniter\Debug\Exceptions->errorHandler()
 2 SYSTEMPATH/View/View.php(228): include('/home/aluno/Documentos/codeigniter4-framework-7d393f8/app/Views/info.php')
 3 SYSTEMPATH/View/View.php(231): CodeIgniter\View\View->CodeIgniter\View\{closure}()
 4 SYSTEMPATH/Common.php(1178): CodeIgniter\View\View->render()
 5 APPPATH/Controllers/Home.php(32): view()
 6 SYSTEMPATH/CodeIgniter.php(941): App\Controllers\Home->formdata()
 7 SYSTEMPATH/CodeIgniter.php(502): CodeIgniter\CodeIgniter->runController()
 8 SYSTEMPATH/CodeIgniter.php(361): CodeIgniter\CodeIgniter->handleRequest()
 9 FCPATH/index.php(79): CodeIgniter\CodeIgniter->run()
10 SYSTEMPATH/Commands/Server/rewrite.php(47): require_once('/home/aluno/Documentos/codeigniter4-framework-7d393f8/public/index.php')
CRITICAL - 2024-03-05 19:37:33 --> ErrorException: Undefined array key "2500-2999"
in APPPATH/Views/info.php on line 169.
 1 APPPATH/Views/info.php(169): CodeIgniter\Debug\Exceptions->errorHandler()
 2 SYSTEMPATH/View/View.php(228): include('/home/aluno/Documentos/codeigniter4-framework-7d393f8/app/Views/info.php')
 3 SYSTEMPATH/View/View.php(231): CodeIgniter\View\View->CodeIgniter\View\{closure}()
 4 SYSTEMPATH/Common.php(1178): CodeIgniter\View\View->render()
 5 APPPATH/Controllers/Home.php(32): view()
 6 SYSTEMPATH/CodeIgniter.php(941): App\Controllers\Home->formdata()
 7 SYSTEMPATH/CodeIgniter.php(502): CodeIgniter\CodeIgniter->runController()
 8 SYSTEMPATH/CodeIgniter.php(361): CodeIgniter\CodeIgniter->handleRequest()
 9 FCPATH/index.php(79): CodeIgniter\CodeIgniter->run()
10 SYSTEMPATH/Commands/Server/rewrite.php(47): require_once('/home/aluno/Documentos/codeigniter4-framework-7d393f8/public/index.php')
ERROR - 2024-03-05 19:58:29 --> Error connecting to the database: mysqli_sql_exception: Access denied for user ''@'localhost' (using password: YES) in /home/aluno/Documentos/codeigniter4-framework-7d393f8/system/Database/MySQLi/Connection.php:185
Stack trace:
#0 /home/aluno/Documentos/codeigniter4-framework-7d393f8/system/Database/MySQLi/Connection.php(185): mysqli->real_connect()
#1 /home/aluno/Documentos/codeigniter4-framework-7d393f8/system/Database/BaseConnection.php(392): CodeIgniter\Database\MySQLi\Connection->connect()
#2 /home/aluno/Documentos/codeigniter4-framework-7d393f8/system/Database/Database.php(66): CodeIgniter\Database\BaseConnection->initialize()
#3 /home/aluno/Documentos/codeigniter4-framework-7d393f8/system/Database/Config.php(109): CodeIgniter\Database\Database->loadForge()
#4 /home/aluno/Documentos/codeigniter4-framework-7d393f8/system/Commands/Database/CreateDatabase.php(134): CodeIgniter\Database\Config::forge()
#5 /home/aluno/Documentos/codeigniter4-framework-7d393f8/system/CLI/Commands.php(65): CodeIgniter\Commands\Database\CreateDatabase->run()
#6 /home/aluno/Documentos/codeigniter4-framework-7d393f8/system/CLI/Console.php(46): CodeIgniter\CLI\Commands->run()
#7 /home/aluno/Documentos/codeigniter4-framework-7d393f8/spark(102): CodeIgniter\CLI\Console->run()
#8 {main}

Next CodeIgniter\Database\Exceptions\DatabaseException: Access denied for user ''@'localhost' (using password: YES) in /home/aluno/Documentos/codeigniter4-framework-7d393f8/system/Database/MySQLi/Connection.php:229
Stack trace:
#0 /home/aluno/Documentos/codeigniter4-framework-7d393f8/system/Database/BaseConnection.php(392): CodeIgniter\Database\MySQLi\Connection->connect()
#1 /home/aluno/Documentos/codeigniter4-framework-7d393f8/system/Database/Database.php(66): CodeIgniter\Database\BaseConnection->initialize()
#2 /home/aluno/Documentos/codeigniter4-framework-7d393f8/system/Database/Config.php(109): CodeIgniter\Database\Database->loadForge()
#3 /home/aluno/Documentos/codeigniter4-framework-7d393f8/system/Commands/Database/CreateDatabase.php(134): CodeIgniter\Database\Config::forge()
#4 /home/aluno/Documentos/codeigniter4-framework-7d393f8/system/CLI/Commands.php(65): CodeIgniter\Commands\Database\CreateDatabase->run()
#5 /home/aluno/Documentos/codeigniter4-framework-7d393f8/system/CLI/Console.php(46): CodeIgniter\CLI\Commands->run()
#6 /home/aluno/Documentos/codeigniter4-framework-7d393f8/spark(102): CodeIgniter\CLI\Console->run()
#7 {main}
