CRITICAL - 2024-03-12 18:14:26 --> ParseError: syntax error, unexpected token ";", expecting "("
in APPPATH/Controllers/Home.php on line 32.
 1 SYSTEMPATH/Autoloader/Autoloader.php(290): CodeIgniter\Autoloader\Autoloader->includeFile()
 2 SYSTEMPATH/Autoloader/Autoloader.php(266): CodeIgniter\Autoloader\Autoloader->loadInNamespace()
 3 [internal function]: CodeIgniter\Autoloader\Autoloader->loadClass()
 4 SYSTEMPATH/CodeIgniter.php(899): class_exists()
 5 SYSTEMPATH/CodeIgniter.php(489): CodeIgniter\CodeIgniter->startController()
 6 SYSTEMPATH/CodeIgniter.php(361): CodeIgniter\CodeIgniter->handleRequest()
 7 FCPATH/index.php(79): CodeIgniter\CodeIgniter->run()
 8 SYSTEMPATH/Commands/Server/rewrite.php(47): require_once('/home/aluno/Documentos/codeigniter4-framework-7d393f8/public/index.php')
CRITICAL - 2024-03-12 19:03:00 --> Error: Class "App\Models\FormModel" not found
in APPPATH/Controllers/Home.php on line 34.
 1 SYSTEMPATH/CodeIgniter.php(941): App\Controllers\Home->formdata()
 2 SYSTEMPATH/CodeIgniter.php(502): CodeIgniter\CodeIgniter->runController()
 3 SYSTEMPATH/CodeIgniter.php(361): CodeIgniter\CodeIgniter->handleRequest()
 4 FCPATH/index.php(79): CodeIgniter\CodeIgniter->run()
 5 SYSTEMPATH/Commands/Server/rewrite.php(47): require_once('/home/aluno/Documentos/codeigniter4-framework-7d393f8/public/index.php')
CRITICAL - 2024-03-12 19:04:34 --> ParseError: syntax error, unexpected token ".", expecting "," or ";"
in APPPATH/Controllers/Home.php on line 5.
 1 SYSTEMPATH/Autoloader/Autoloader.php(290): CodeIgniter\Autoloader\Autoloader->includeFile()
 2 SYSTEMPATH/Autoloader/Autoloader.php(266): CodeIgniter\Autoloader\Autoloader->loadInNamespace()
 3 [internal function]: CodeIgniter\Autoloader\Autoloader->loadClass()
 4 SYSTEMPATH/CodeIgniter.php(899): class_exists()
 5 SYSTEMPATH/CodeIgniter.php(489): CodeIgniter\CodeIgniter->startController()
 6 SYSTEMPATH/CodeIgniter.php(361): CodeIgniter\CodeIgniter->handleRequest()
 7 FCPATH/index.php(79): CodeIgniter\CodeIgniter->run()
 8 SYSTEMPATH/Commands/Server/rewrite.php(47): require_once('/home/aluno/Documentos/codeigniter4-framework-7d393f8/public/index.php')
CRITICAL - 2024-03-12 19:31:55 --> Error: Class "App\Models\form" not found
in APPPATH/Controllers/Home.php on line 34.
 1 SYSTEMPATH/CodeIgniter.php(941): App\Controllers\Home->formdata()
 2 SYSTEMPATH/CodeIgniter.php(502): CodeIgniter\CodeIgniter->runController()
 3 SYSTEMPATH/CodeIgniter.php(361): CodeIgniter\CodeIgniter->handleRequest()
 4 FCPATH/index.php(79): CodeIgniter\CodeIgniter->run()
 5 SYSTEMPATH/Commands/Server/rewrite.php(47): require_once('/home/aluno/Documentos/codeigniter4-framework-7d393f8/public/index.php')
ERROR - 2024-03-12 19:34:43 --> Error connecting to the database: mysqli_sql_exception: Access denied for user 'atividadebd'@'localhost' (using password: YES) in /home/aluno/Documentos/codeigniter4-framework-7d393f8/system/Database/MySQLi/Connection.php:185
Stack trace:
#0 /home/aluno/Documentos/codeigniter4-framework-7d393f8/system/Database/MySQLi/Connection.php(185): mysqli->real_connect()
#1 /home/aluno/Documentos/codeigniter4-framework-7d393f8/system/Database/BaseConnection.php(392): CodeIgniter\Database\MySQLi\Connection->connect()
#2 /home/aluno/Documentos/codeigniter4-framework-7d393f8/system/Database/BaseConnection.php(575): CodeIgniter\Database\BaseConnection->initialize()
#3 /home/aluno/Documentos/codeigniter4-framework-7d393f8/system/Database/BaseBuilder.php(2307): CodeIgniter\Database\BaseConnection->query()
#4 /home/aluno/Documentos/codeigniter4-framework-7d393f8/system/Model.php(326): CodeIgniter\Database\BaseBuilder->insert()
#5 /home/aluno/Documentos/codeigniter4-framework-7d393f8/system/BaseModel.php(802): CodeIgniter\Model->doInsert()
#6 /home/aluno/Documentos/codeigniter4-framework-7d393f8/system/Model.php(744): CodeIgniter\BaseModel->insert()
#7 /home/aluno/Documentos/codeigniter4-framework-7d393f8/app/Controllers/Home.php(35): CodeIgniter\Model->insert()
#8 /home/aluno/Documentos/codeigniter4-framework-7d393f8/system/CodeIgniter.php(941): App\Controllers\Home->formdata()
#9 /home/aluno/Documentos/codeigniter4-framework-7d393f8/system/CodeIgniter.php(502): CodeIgniter\CodeIgniter->runController()
#10 /home/aluno/Documentos/codeigniter4-framework-7d393f8/system/CodeIgniter.php(361): CodeIgniter\CodeIgniter->handleRequest()
#11 /home/aluno/Documentos/codeigniter4-framework-7d393f8/public/index.php(79): CodeIgniter\CodeIgniter->run()
#12 /home/aluno/Documentos/codeigniter4-framework-7d393f8/system/Commands/Server/rewrite.php(47): require_once('...')
#13 {main}

Next CodeIgniter\Database\Exceptions\DatabaseException: Access denied for user '****'@'localhost' (using password: YES) in /home/aluno/Documentos/codeigniter4-framework-7d393f8/system/Database/MySQLi/Connection.php:229
Stack trace:
#0 /home/aluno/Documentos/codeigniter4-framework-7d393f8/system/Database/BaseConnection.php(392): CodeIgniter\Database\MySQLi\Connection->connect()
#1 /home/aluno/Documentos/codeigniter4-framework-7d393f8/system/Database/BaseConnection.php(575): CodeIgniter\Database\BaseConnection->initialize()
#2 /home/aluno/Documentos/codeigniter4-framework-7d393f8/system/Database/BaseBuilder.php(2307): CodeIgniter\Database\BaseConnection->query()
#3 /home/aluno/Documentos/codeigniter4-framework-7d393f8/system/Model.php(326): CodeIgniter\Database\BaseBuilder->insert()
#4 /home/aluno/Documentos/codeigniter4-framework-7d393f8/system/BaseModel.php(802): CodeIgniter\Model->doInsert()
#5 /home/aluno/Documentos/codeigniter4-framework-7d393f8/system/Model.php(744): CodeIgniter\BaseModel->insert()
#6 /home/aluno/Documentos/codeigniter4-framework-7d393f8/app/Controllers/Home.php(35): CodeIgniter\Model->insert()
#7 /home/aluno/Documentos/codeigniter4-framework-7d393f8/system/CodeIgniter.php(941): App\Controllers\Home->formdata()
#8 /home/aluno/Documentos/codeigniter4-framework-7d393f8/system/CodeIgniter.php(502): CodeIgniter\CodeIgniter->runController()
#9 /home/aluno/Documentos/codeigniter4-framework-7d393f8/system/CodeIgniter.php(361): CodeIgniter\CodeIgniter->handleRequest()
#10 /home/aluno/Documentos/codeigniter4-framework-7d393f8/public/index.php(79): CodeIgniter\CodeIgniter->run()
#11 /home/aluno/Documentos/codeigniter4-framework-7d393f8/system/Commands/Server/rewrite.php(47): require_once('...')
#12 {main}
CRITICAL - 2024-03-12 19:34:43 --> CodeIgniter\Database\Exceptions\DatabaseException: Unable to connect to the database.
Main connection [MySQLi]: Access denied for user '****'@'localhost' (using password: YES)
in SYSTEMPATH/Database/BaseConnection.php on line 428.
 1 SYSTEMPATH/Database/BaseConnection.php(575): CodeIgniter\Database\BaseConnection->initialize()
 2 SYSTEMPATH/Database/BaseBuilder.php(2307): CodeIgniter\Database\BaseConnection->query()
 3 SYSTEMPATH/Model.php(326): CodeIgniter\Database\BaseBuilder->insert()
 4 SYSTEMPATH/BaseModel.php(802): CodeIgniter\Model->doInsert()
 5 SYSTEMPATH/Model.php(744): CodeIgniter\BaseModel->insert()
 6 APPPATH/Controllers/Home.php(35): CodeIgniter\Model->insert()
 7 SYSTEMPATH/CodeIgniter.php(941): App\Controllers\Home->formdata()
 8 SYSTEMPATH/CodeIgniter.php(502): CodeIgniter\CodeIgniter->runController()
 9 SYSTEMPATH/CodeIgniter.php(361): CodeIgniter\CodeIgniter->handleRequest()
10 FCPATH/index.php(79): CodeIgniter\CodeIgniter->run()
11 SYSTEMPATH/Commands/Server/rewrite.php(47): require_once('/home/aluno/Documentos/codeigniter4-framework-7d393f8/public/index.php')
ERROR - 2024-03-12 19:34:55 --> Error connecting to the database: mysqli_sql_exception: Access denied for user 'atividadebd'@'localhost' (using password: YES) in /home/aluno/Documentos/codeigniter4-framework-7d393f8/system/Database/MySQLi/Connection.php:185
Stack trace:
#0 /home/aluno/Documentos/codeigniter4-framework-7d393f8/system/Database/MySQLi/Connection.php(185): mysqli->real_connect()
#1 /home/aluno/Documentos/codeigniter4-framework-7d393f8/system/Database/BaseConnection.php(392): CodeIgniter\Database\MySQLi\Connection->connect()
#2 /home/aluno/Documentos/codeigniter4-framework-7d393f8/system/Database/BaseConnection.php(575): CodeIgniter\Database\BaseConnection->initialize()
#3 /home/aluno/Documentos/codeigniter4-framework-7d393f8/system/Database/BaseBuilder.php(2307): CodeIgniter\Database\BaseConnection->query()
#4 /home/aluno/Documentos/codeigniter4-framework-7d393f8/system/Model.php(326): CodeIgniter\Database\BaseBuilder->insert()
#5 /home/aluno/Documentos/codeigniter4-framework-7d393f8/system/BaseModel.php(802): CodeIgniter\Model->doInsert()
#6 /home/aluno/Documentos/codeigniter4-framework-7d393f8/system/Model.php(744): CodeIgniter\BaseModel->insert()
#7 /home/aluno/Documentos/codeigniter4-framework-7d393f8/app/Controllers/Home.php(35): CodeIgniter\Model->insert()
#8 /home/aluno/Documentos/codeigniter4-framework-7d393f8/system/CodeIgniter.php(941): App\Controllers\Home->formdata()
#9 /home/aluno/Documentos/codeigniter4-framework-7d393f8/system/CodeIgniter.php(502): CodeIgniter\CodeIgniter->runController()
#10 /home/aluno/Documentos/codeigniter4-framework-7d393f8/system/CodeIgniter.php(361): CodeIgniter\CodeIgniter->handleRequest()
#11 /home/aluno/Documentos/codeigniter4-framework-7d393f8/public/index.php(79): CodeIgniter\CodeIgniter->run()
#12 /home/aluno/Documentos/codeigniter4-framework-7d393f8/system/Commands/Server/rewrite.php(47): require_once('...')
#13 {main}

Next CodeIgniter\Database\Exceptions\DatabaseException: Access denied for user '****'@'localhost' (using password: YES) in /home/aluno/Documentos/codeigniter4-framework-7d393f8/system/Database/MySQLi/Connection.php:229
Stack trace:
#0 /home/aluno/Documentos/codeigniter4-framework-7d393f8/system/Database/BaseConnection.php(392): CodeIgniter\Database\MySQLi\Connection->connect()
#1 /home/aluno/Documentos/codeigniter4-framework-7d393f8/system/Database/BaseConnection.php(575): CodeIgniter\Database\BaseConnection->initialize()
#2 /home/aluno/Documentos/codeigniter4-framework-7d393f8/system/Database/BaseBuilder.php(2307): CodeIgniter\Database\BaseConnection->query()
#3 /home/aluno/Documentos/codeigniter4-framework-7d393f8/system/Model.php(326): CodeIgniter\Database\BaseBuilder->insert()
#4 /home/aluno/Documentos/codeigniter4-framework-7d393f8/system/BaseModel.php(802): CodeIgniter\Model->doInsert()
#5 /home/aluno/Documentos/codeigniter4-framework-7d393f8/system/Model.php(744): CodeIgniter\BaseModel->insert()
#6 /home/aluno/Documentos/codeigniter4-framework-7d393f8/app/Controllers/Home.php(35): CodeIgniter\Model->insert()
#7 /home/aluno/Documentos/codeigniter4-framework-7d393f8/system/CodeIgniter.php(941): App\Controllers\Home->formdata()
#8 /home/aluno/Documentos/codeigniter4-framework-7d393f8/system/CodeIgniter.php(502): CodeIgniter\CodeIgniter->runController()
#9 /home/aluno/Documentos/codeigniter4-framework-7d393f8/system/CodeIgniter.php(361): CodeIgniter\CodeIgniter->handleRequest()
#10 /home/aluno/Documentos/codeigniter4-framework-7d393f8/public/index.php(79): CodeIgniter\CodeIgniter->run()
#11 /home/aluno/Documentos/codeigniter4-framework-7d393f8/system/Commands/Server/rewrite.php(47): require_once('...')
#12 {main}
CRITICAL - 2024-03-12 19:34:55 --> CodeIgniter\Database\Exceptions\DatabaseException: Unable to connect to the database.
Main connection [MySQLi]: Access denied for user '****'@'localhost' (using password: YES)
in SYSTEMPATH/Database/BaseConnection.php on line 428.
 1 SYSTEMPATH/Database/BaseConnection.php(575): CodeIgniter\Database\BaseConnection->initialize()
 2 SYSTEMPATH/Database/BaseBuilder.php(2307): CodeIgniter\Database\BaseConnection->query()
 3 SYSTEMPATH/Model.php(326): CodeIgniter\Database\BaseBuilder->insert()
 4 SYSTEMPATH/BaseModel.php(802): CodeIgniter\Model->doInsert()
 5 SYSTEMPATH/Model.php(744): CodeIgniter\BaseModel->insert()
 6 APPPATH/Controllers/Home.php(35): CodeIgniter\Model->insert()
 7 SYSTEMPATH/CodeIgniter.php(941): App\Controllers\Home->formdata()
 8 SYSTEMPATH/CodeIgniter.php(502): CodeIgniter\CodeIgniter->runController()
 9 SYSTEMPATH/CodeIgniter.php(361): CodeIgniter\CodeIgniter->handleRequest()
10 FCPATH/index.php(79): CodeIgniter\CodeIgniter->run()
11 SYSTEMPATH/Commands/Server/rewrite.php(47): require_once('/home/aluno/Documentos/codeigniter4-framework-7d393f8/public/index.php')
ERROR - 2024-03-12 19:37:25 --> Error connecting to the database: ErrorException: mysqli::real_connect(): php_network_getaddresses: getaddrinfo for root failed: Temporary failure in name resolution in /home/aluno/Documentos/codeigniter4-framework-7d393f8/system/Database/MySQLi/Connection.php:185
Stack trace:
#0 [internal function]: CodeIgniter\Debug\Exceptions->errorHandler()
#1 /home/aluno/Documentos/codeigniter4-framework-7d393f8/system/Database/MySQLi/Connection.php(185): mysqli->real_connect()
#2 /home/aluno/Documentos/codeigniter4-framework-7d393f8/system/Database/BaseConnection.php(392): CodeIgniter\Database\MySQLi\Connection->connect()
#3 /home/aluno/Documentos/codeigniter4-framework-7d393f8/system/Database/BaseConnection.php(575): CodeIgniter\Database\BaseConnection->initialize()
#4 /home/aluno/Documentos/codeigniter4-framework-7d393f8/system/Database/BaseBuilder.php(2307): CodeIgniter\Database\BaseConnection->query()
#5 /home/aluno/Documentos/codeigniter4-framework-7d393f8/system/Model.php(326): CodeIgniter\Database\BaseBuilder->insert()
#6 /home/aluno/Documentos/codeigniter4-framework-7d393f8/system/BaseModel.php(802): CodeIgniter\Model->doInsert()
#7 /home/aluno/Documentos/codeigniter4-framework-7d393f8/system/Model.php(744): CodeIgniter\BaseModel->insert()
#8 /home/aluno/Documentos/codeigniter4-framework-7d393f8/app/Controllers/Home.php(35): CodeIgniter\Model->insert()
#9 /home/aluno/Documentos/codeigniter4-framework-7d393f8/system/CodeIgniter.php(941): App\Controllers\Home->formdata()
#10 /home/aluno/Documentos/codeigniter4-framework-7d393f8/system/CodeIgniter.php(502): CodeIgniter\CodeIgniter->runController()
#11 /home/aluno/Documentos/codeigniter4-framework-7d393f8/system/CodeIgniter.php(361): CodeIgniter\CodeIgniter->handleRequest()
#12 /home/aluno/Documentos/codeigniter4-framework-7d393f8/public/index.php(79): CodeIgniter\CodeIgniter->run()
#13 /home/aluno/Documentos/codeigniter4-framework-7d393f8/system/Commands/Server/rewrite.php(47): require_once('...')
#14 {main}

Next mysqli_sql_exception: php_network_getaddresses: getaddrinfo for root failed: Temporary failure in name resolution in /home/aluno/Documentos/codeigniter4-framework-7d393f8/system/Database/MySQLi/Connection.php:185
Stack trace:
#0 /home/aluno/Documentos/codeigniter4-framework-7d393f8/system/Database/MySQLi/Connection.php(185): mysqli->real_connect()
#1 /home/aluno/Documentos/codeigniter4-framework-7d393f8/system/Database/BaseConnection.php(392): CodeIgniter\Database\MySQLi\Connection->connect()
#2 /home/aluno/Documentos/codeigniter4-framework-7d393f8/system/Database/BaseConnection.php(575): CodeIgniter\Database\BaseConnection->initialize()
#3 /home/aluno/Documentos/codeigniter4-framework-7d393f8/system/Database/BaseBuilder.php(2307): CodeIgniter\Database\BaseConnection->query()
#4 /home/aluno/Documentos/codeigniter4-framework-7d393f8/system/Model.php(326): CodeIgniter\Database\BaseBuilder->insert()
#5 /home/aluno/Documentos/codeigniter4-framework-7d393f8/system/BaseModel.php(802): CodeIgniter\Model->doInsert()
#6 /home/aluno/Documentos/codeigniter4-framework-7d393f8/system/Model.php(744): CodeIgniter\BaseModel->insert()
#7 /home/aluno/Documentos/codeigniter4-framework-7d393f8/app/Controllers/Home.php(35): CodeIgniter\Model->insert()
#8 /home/aluno/Documentos/codeigniter4-framework-7d393f8/system/CodeIgniter.php(941): App\Controllers\Home->formdata()
#9 /home/aluno/Documentos/codeigniter4-framework-7d393f8/system/CodeIgniter.php(502): CodeIgniter\CodeIgniter->runController()
#10 /home/aluno/Documentos/codeigniter4-framework-7d393f8/system/CodeIgniter.php(361): CodeIgniter\CodeIgniter->handleRequest()
#11 /home/aluno/Documentos/codeigniter4-framework-7d393f8/public/index.php(79): CodeIgniter\CodeIgniter->run()
#12 /home/aluno/Documentos/codeigniter4-framework-7d393f8/system/Commands/Server/rewrite.php(47): require_once('...')
#13 {main}

Next CodeIgniter\Database\Exceptions\DatabaseException: php_network_getaddresses: getaddrinfo for root failed: Temporary failure in name resolution in /home/aluno/Documentos/codeigniter4-framework-7d393f8/system/Database/MySQLi/Connection.php:229
Stack trace:
#0 /home/aluno/Documentos/codeigniter4-framework-7d393f8/system/Database/BaseConnection.php(392): CodeIgniter\Database\MySQLi\Connection->connect()
#1 /home/aluno/Documentos/codeigniter4-framework-7d393f8/system/Database/BaseConnection.php(575): CodeIgniter\Database\BaseConnection->initialize()
#2 /home/aluno/Documentos/codeigniter4-framework-7d393f8/system/Database/BaseBuilder.php(2307): CodeIgniter\Database\BaseConnection->query()
#3 /home/aluno/Documentos/codeigniter4-framework-7d393f8/system/Model.php(326): CodeIgniter\Database\BaseBuilder->insert()
#4 /home/aluno/Documentos/codeigniter4-framework-7d393f8/system/BaseModel.php(802): CodeIgniter\Model->doInsert()
#5 /home/aluno/Documentos/codeigniter4-framework-7d393f8/system/Model.php(744): CodeIgniter\BaseModel->insert()
#6 /home/aluno/Documentos/codeigniter4-framework-7d393f8/app/Controllers/Home.php(35): CodeIgniter\Model->insert()
#7 /home/aluno/Documentos/codeigniter4-framework-7d393f8/system/CodeIgniter.php(941): App\Controllers\Home->formdata()
#8 /home/aluno/Documentos/codeigniter4-framework-7d393f8/system/CodeIgniter.php(502): CodeIgniter\CodeIgniter->runController()
#9 /home/aluno/Documentos/codeigniter4-framework-7d393f8/system/CodeIgniter.php(361): CodeIgniter\CodeIgniter->handleRequest()
#10 /home/aluno/Documentos/codeigniter4-framework-7d393f8/public/index.php(79): CodeIgniter\CodeIgniter->run()
#11 /home/aluno/Documentos/codeigniter4-framework-7d393f8/system/Commands/Server/rewrite.php(47): require_once('...')
#12 {main}
CRITICAL - 2024-03-12 19:37:25 --> CodeIgniter\Database\Exceptions\DatabaseException: Unable to connect to the database.
Main connection [MySQLi]: php_network_getaddresses: getaddrinfo for root failed: Temporary failure in name resolution
in SYSTEMPATH/Database/BaseConnection.php on line 428.
 1 SYSTEMPATH/Database/BaseConnection.php(575): CodeIgniter\Database\BaseConnection->initialize()
 2 SYSTEMPATH/Database/BaseBuilder.php(2307): CodeIgniter\Database\BaseConnection->query()
 3 SYSTEMPATH/Model.php(326): CodeIgniter\Database\BaseBuilder->insert()
 4 SYSTEMPATH/BaseModel.php(802): CodeIgniter\Model->doInsert()
 5 SYSTEMPATH/Model.php(744): CodeIgniter\BaseModel->insert()
 6 APPPATH/Controllers/Home.php(35): CodeIgniter\Model->insert()
 7 SYSTEMPATH/CodeIgniter.php(941): App\Controllers\Home->formdata()
 8 SYSTEMPATH/CodeIgniter.php(502): CodeIgniter\CodeIgniter->runController()
 9 SYSTEMPATH/CodeIgniter.php(361): CodeIgniter\CodeIgniter->handleRequest()
10 FCPATH/index.php(79): CodeIgniter\CodeIgniter->run()
11 SYSTEMPATH/Commands/Server/rewrite.php(47): require_once('/home/aluno/Documentos/codeigniter4-framework-7d393f8/public/index.php')
ERROR - 2024-03-12 19:37:48 --> Error connecting to the database: mysqli_sql_exception: Access denied for user 'atividadebd'@'localhost' (using password: YES) in /home/aluno/Documentos/codeigniter4-framework-7d393f8/system/Database/MySQLi/Connection.php:185
Stack trace:
#0 /home/aluno/Documentos/codeigniter4-framework-7d393f8/system/Database/MySQLi/Connection.php(185): mysqli->real_connect()
#1 /home/aluno/Documentos/codeigniter4-framework-7d393f8/system/Database/BaseConnection.php(392): CodeIgniter\Database\MySQLi\Connection->connect()
#2 /home/aluno/Documentos/codeigniter4-framework-7d393f8/system/Database/BaseConnection.php(575): CodeIgniter\Database\BaseConnection->initialize()
#3 /home/aluno/Documentos/codeigniter4-framework-7d393f8/system/Database/BaseBuilder.php(2307): CodeIgniter\Database\BaseConnection->query()
#4 /home/aluno/Documentos/codeigniter4-framework-7d393f8/system/Model.php(326): CodeIgniter\Database\BaseBuilder->insert()
#5 /home/aluno/Documentos/codeigniter4-framework-7d393f8/system/BaseModel.php(802): CodeIgniter\Model->doInsert()
#6 /home/aluno/Documentos/codeigniter4-framework-7d393f8/system/Model.php(744): CodeIgniter\BaseModel->insert()
#7 /home/aluno/Documentos/codeigniter4-framework-7d393f8/app/Controllers/Home.php(35): CodeIgniter\Model->insert()
#8 /home/aluno/Documentos/codeigniter4-framework-7d393f8/system/CodeIgniter.php(941): App\Controllers\Home->formdata()
#9 /home/aluno/Documentos/codeigniter4-framework-7d393f8/system/CodeIgniter.php(502): CodeIgniter\CodeIgniter->runController()
#10 /home/aluno/Documentos/codeigniter4-framework-7d393f8/system/CodeIgniter.php(361): CodeIgniter\CodeIgniter->handleRequest()
#11 /home/aluno/Documentos/codeigniter4-framework-7d393f8/public/index.php(79): CodeIgniter\CodeIgniter->run()
#12 /home/aluno/Documentos/codeigniter4-framework-7d393f8/system/Commands/Server/rewrite.php(47): require_once('...')
#13 {main}

Next CodeIgniter\Database\Exceptions\DatabaseException: Access denied for user '****'@'localhost' (using password: YES) in /home/aluno/Documentos/codeigniter4-framework-7d393f8/system/Database/MySQLi/Connection.php:229
Stack trace:
#0 /home/aluno/Documentos/codeigniter4-framework-7d393f8/system/Database/BaseConnection.php(392): CodeIgniter\Database\MySQLi\Connection->connect()
#1 /home/aluno/Documentos/codeigniter4-framework-7d393f8/system/Database/BaseConnection.php(575): CodeIgniter\Database\BaseConnection->initialize()
#2 /home/aluno/Documentos/codeigniter4-framework-7d393f8/system/Database/BaseBuilder.php(2307): CodeIgniter\Database\BaseConnection->query()
#3 /home/aluno/Documentos/codeigniter4-framework-7d393f8/system/Model.php(326): CodeIgniter\Database\BaseBuilder->insert()
#4 /home/aluno/Documentos/codeigniter4-framework-7d393f8/system/BaseModel.php(802): CodeIgniter\Model->doInsert()
#5 /home/aluno/Documentos/codeigniter4-framework-7d393f8/system/Model.php(744): CodeIgniter\BaseModel->insert()
#6 /home/aluno/Documentos/codeigniter4-framework-7d393f8/app/Controllers/Home.php(35): CodeIgniter\Model->insert()
#7 /home/aluno/Documentos/codeigniter4-framework-7d393f8/system/CodeIgniter.php(941): App\Controllers\Home->formdata()
#8 /home/aluno/Documentos/codeigniter4-framework-7d393f8/system/CodeIgniter.php(502): CodeIgniter\CodeIgniter->runController()
#9 /home/aluno/Documentos/codeigniter4-framework-7d393f8/system/CodeIgniter.php(361): CodeIgniter\CodeIgniter->handleRequest()
#10 /home/aluno/Documentos/codeigniter4-framework-7d393f8/public/index.php(79): CodeIgniter\CodeIgniter->run()
#11 /home/aluno/Documentos/codeigniter4-framework-7d393f8/system/Commands/Server/rewrite.php(47): require_once('...')
#12 {main}
CRITICAL - 2024-03-12 19:37:48 --> CodeIgniter\Database\Exceptions\DatabaseException: Unable to connect to the database.
Main connection [MySQLi]: Access denied for user '****'@'localhost' (using password: YES)
in SYSTEMPATH/Database/BaseConnection.php on line 428.
 1 SYSTEMPATH/Database/BaseConnection.php(575): CodeIgniter\Database\BaseConnection->initialize()
 2 SYSTEMPATH/Database/BaseBuilder.php(2307): CodeIgniter\Database\BaseConnection->query()
 3 SYSTEMPATH/Model.php(326): CodeIgniter\Database\BaseBuilder->insert()
 4 SYSTEMPATH/BaseModel.php(802): CodeIgniter\Model->doInsert()
 5 SYSTEMPATH/Model.php(744): CodeIgniter\BaseModel->insert()
 6 APPPATH/Controllers/Home.php(35): CodeIgniter\Model->insert()
 7 SYSTEMPATH/CodeIgniter.php(941): App\Controllers\Home->formdata()
 8 SYSTEMPATH/CodeIgniter.php(502): CodeIgniter\CodeIgniter->runController()
 9 SYSTEMPATH/CodeIgniter.php(361): CodeIgniter\CodeIgniter->handleRequest()
10 FCPATH/index.php(79): CodeIgniter\CodeIgniter->run()
11 SYSTEMPATH/Commands/Server/rewrite.php(47): require_once('/home/aluno/Documentos/codeigniter4-framework-7d393f8/public/index.php')
ERROR - 2024-03-12 19:47:35 --> mysqli_sql_exception: Table 'atividadebd.drumstores' doesn't exist in /home/aluno/Documentos/codeigniter4-framework-7d393f8/system/Database/MySQLi/Connection.php:306
Stack trace:
#0 /home/aluno/Documentos/codeigniter4-framework-7d393f8/system/Database/MySQLi/Connection.php(306): mysqli->query()
#1 /home/aluno/Documentos/codeigniter4-framework-7d393f8/system/Database/BaseConnection.php(693): CodeIgniter\Database\MySQLi\Connection->execute()
#2 /home/aluno/Documentos/codeigniter4-framework-7d393f8/system/Database/BaseConnection.php(607): CodeIgniter\Database\BaseConnection->simpleQuery()
#3 /home/aluno/Documentos/codeigniter4-framework-7d393f8/system/Database/BaseBuilder.php(2307): CodeIgniter\Database\BaseConnection->query()
#4 /home/aluno/Documentos/codeigniter4-framework-7d393f8/system/Model.php(326): CodeIgniter\Database\BaseBuilder->insert()
#5 /home/aluno/Documentos/codeigniter4-framework-7d393f8/system/BaseModel.php(802): CodeIgniter\Model->doInsert()
#6 /home/aluno/Documentos/codeigniter4-framework-7d393f8/system/Model.php(744): CodeIgniter\BaseModel->insert()
#7 /home/aluno/Documentos/codeigniter4-framework-7d393f8/app/Controllers/Home.php(35): CodeIgniter\Model->insert()
#8 /home/aluno/Documentos/codeigniter4-framework-7d393f8/system/CodeIgniter.php(941): App\Controllers\Home->formdata()
#9 /home/aluno/Documentos/codeigniter4-framework-7d393f8/system/CodeIgniter.php(502): CodeIgniter\CodeIgniter->runController()
#10 /home/aluno/Documentos/codeigniter4-framework-7d393f8/system/CodeIgniter.php(361): CodeIgniter\CodeIgniter->handleRequest()
#11 /home/aluno/Documentos/codeigniter4-framework-7d393f8/public/index.php(79): CodeIgniter\CodeIgniter->run()
#12 /home/aluno/Documentos/codeigniter4-framework-7d393f8/system/Commands/Server/rewrite.php(47): require_once('...')
#13 {main}
CRITICAL - 2024-03-12 19:47:35 --> CodeIgniter\Database\Exceptions\DatabaseException: Table 'atividadebd.drumstores' doesn't exist
in SYSTEMPATH/Database/BaseConnection.php on line 647.
 1 SYSTEMPATH/Database/BaseBuilder.php(2307): CodeIgniter\Database\BaseConnection->query()
 2 SYSTEMPATH/Model.php(326): CodeIgniter\Database\BaseBuilder->insert()
 3 SYSTEMPATH/BaseModel.php(802): CodeIgniter\Model->doInsert()
 4 SYSTEMPATH/Model.php(744): CodeIgniter\BaseModel->insert()
 5 APPPATH/Controllers/Home.php(35): CodeIgniter\Model->insert()
 6 SYSTEMPATH/CodeIgniter.php(941): App\Controllers\Home->formdata()
 7 SYSTEMPATH/CodeIgniter.php(502): CodeIgniter\CodeIgniter->runController()
 8 SYSTEMPATH/CodeIgniter.php(361): CodeIgniter\CodeIgniter->handleRequest()
 9 FCPATH/index.php(79): CodeIgniter\CodeIgniter->run()
10 SYSTEMPATH/Commands/Server/rewrite.php(47): require_once('/home/aluno/Documentos/codeigniter4-framework-7d393f8/public/index.php')
CRITICAL - 2024-03-12 19:47:35 --> [Caused by] CodeIgniter\Database\Exceptions\DatabaseException: Table 'atividadebd.drumstores' doesn't exist
in SYSTEMPATH/Database/MySQLi/Connection.php on line 311.
 1 SYSTEMPATH/Database/BaseConnection.php(693): CodeIgniter\Database\MySQLi\Connection->execute()
 2 SYSTEMPATH/Database/BaseConnection.php(607): CodeIgniter\Database\BaseConnection->simpleQuery()
 3 SYSTEMPATH/Database/BaseBuilder.php(2307): CodeIgniter\Database\BaseConnection->query()
 4 SYSTEMPATH/Model.php(326): CodeIgniter\Database\BaseBuilder->insert()
 5 SYSTEMPATH/BaseModel.php(802): CodeIgniter\Model->doInsert()
 6 SYSTEMPATH/Model.php(744): CodeIgniter\BaseModel->insert()
 7 APPPATH/Controllers/Home.php(35): CodeIgniter\Model->insert()
 8 SYSTEMPATH/CodeIgniter.php(941): App\Controllers\Home->formdata()
 9 SYSTEMPATH/CodeIgniter.php(502): CodeIgniter\CodeIgniter->runController()
10 SYSTEMPATH/CodeIgniter.php(361): CodeIgniter\CodeIgniter->handleRequest()
11 FCPATH/index.php(79): CodeIgniter\CodeIgniter->run()
12 SYSTEMPATH/Commands/Server/rewrite.php(47): require_once('/home/aluno/Documentos/codeigniter4-framework-7d393f8/public/index.php')
CRITICAL - 2024-03-12 19:47:35 --> [Caused by] mysqli_sql_exception: Table 'atividadebd.drumstores' doesn't exist
in SYSTEMPATH/Database/MySQLi/Connection.php on line 306.
 1 SYSTEMPATH/Database/MySQLi/Connection.php(306): mysqli->query()
 2 SYSTEMPATH/Database/BaseConnection.php(693): CodeIgniter\Database\MySQLi\Connection->execute()
 3 SYSTEMPATH/Database/BaseConnection.php(607): CodeIgniter\Database\BaseConnection->simpleQuery()
 4 SYSTEMPATH/Database/BaseBuilder.php(2307): CodeIgniter\Database\BaseConnection->query()
 5 SYSTEMPATH/Model.php(326): CodeIgniter\Database\BaseBuilder->insert()
 6 SYSTEMPATH/BaseModel.php(802): CodeIgniter\Model->doInsert()
 7 SYSTEMPATH/Model.php(744): CodeIgniter\BaseModel->insert()
 8 APPPATH/Controllers/Home.php(35): CodeIgniter\Model->insert()
 9 SYSTEMPATH/CodeIgniter.php(941): App\Controllers\Home->formdata()
10 SYSTEMPATH/CodeIgniter.php(502): CodeIgniter\CodeIgniter->runController()
11 SYSTEMPATH/CodeIgniter.php(361): CodeIgniter\CodeIgniter->handleRequest()
12 FCPATH/index.php(79): CodeIgniter\CodeIgniter->run()
13 SYSTEMPATH/Commands/Server/rewrite.php(47): require_once('/home/aluno/Documentos/codeigniter4-framework-7d393f8/public/index.php')
CRITICAL - 2024-03-12 19:49:23 --> ParseError: syntax error, unexpected token ";", expecting variable or "{" or "$"
in APPPATH/Views/info.php on line 12.
 1 SYSTEMPATH/View/View.php(231): CodeIgniter\View\View->CodeIgniter\View\{closure}()
 2 SYSTEMPATH/Common.php(1178): CodeIgniter\View\View->render()
 3 APPPATH/Controllers/Home.php(37): view()
 4 SYSTEMPATH/CodeIgniter.php(941): App\Controllers\Home->formdata()
 5 SYSTEMPATH/CodeIgniter.php(502): CodeIgniter\CodeIgniter->runController()
 6 SYSTEMPATH/CodeIgniter.php(361): CodeIgniter\CodeIgniter->handleRequest()
 7 FCPATH/index.php(79): CodeIgniter\CodeIgniter->run()
 8 SYSTEMPATH/Commands/Server/rewrite.php(47): require_once('/home/aluno/Documentos/codeigniter4-framework-7d393f8/public/index.php')
CRITICAL - 2024-03-12 20:03:52 --> ParseError: syntax error, unexpected token ")"
in APPPATH/Controllers/Home.php on line 16.
 1 SYSTEMPATH/Autoloader/Autoloader.php(290): CodeIgniter\Autoloader\Autoloader->includeFile()
 2 SYSTEMPATH/Autoloader/Autoloader.php(266): CodeIgniter\Autoloader\Autoloader->loadInNamespace()
 3 [internal function]: CodeIgniter\Autoloader\Autoloader->loadClass()
 4 SYSTEMPATH/CodeIgniter.php(899): class_exists()
 5 SYSTEMPATH/CodeIgniter.php(489): CodeIgniter\CodeIgniter->startController()
 6 SYSTEMPATH/CodeIgniter.php(361): CodeIgniter\CodeIgniter->handleRequest()
 7 FCPATH/index.php(79): CodeIgniter\CodeIgniter->run()
 8 SYSTEMPATH/Commands/Server/rewrite.php(47): require_once('/home/aluno/Documentos/codeigniter4-framework-7d393f8/public/index.php')
CRITICAL - 2024-03-12 20:04:15 --> Error: Call to undefined function App\Controllers\info()
in APPPATH/Controllers/Home.php on line 25.
 1 SYSTEMPATH/CodeIgniter.php(941): App\Controllers\Home->formdata()
 2 SYSTEMPATH/CodeIgniter.php(502): CodeIgniter\CodeIgniter->runController()
 3 SYSTEMPATH/CodeIgniter.php(361): CodeIgniter\CodeIgniter->handleRequest()
 4 FCPATH/index.php(79): CodeIgniter\CodeIgniter->run()
 5 SYSTEMPATH/Commands/Server/rewrite.php(47): require_once('/home/aluno/Documentos/codeigniter4-framework-7d393f8/public/index.php')
CRITICAL - 2024-03-12 20:04:52 --> TypeError: App\Controllers\Home::formdata(): Return value must be of type string, none returned
in APPPATH/Controllers/Home.php on line 26.
 1 SYSTEMPATH/CodeIgniter.php(941): App\Controllers\Home->formdata()
 2 SYSTEMPATH/CodeIgniter.php(502): CodeIgniter\CodeIgniter->runController()
 3 SYSTEMPATH/CodeIgniter.php(361): CodeIgniter\CodeIgniter->handleRequest()
 4 FCPATH/index.php(79): CodeIgniter\CodeIgniter->run()
 5 SYSTEMPATH/Commands/Server/rewrite.php(47): require_once('/home/aluno/Documentos/codeigniter4-framework-7d393f8/public/index.php')
CRITICAL - 2024-03-12 20:08:58 --> ErrorException: Undefined variable $data
in APPPATH/Views/info.php on line 21.
 1 APPPATH/Views/info.php(21): CodeIgniter\Debug\Exceptions->errorHandler()
 2 SYSTEMPATH/View/View.php(228): include('/home/aluno/Documentos/codeigniter4-framework-7d393f8/app/Views/info.php')
 3 SYSTEMPATH/View/View.php(231): CodeIgniter\View\View->CodeIgniter\View\{closure}()
 4 SYSTEMPATH/Common.php(1178): CodeIgniter\View\View->render()
 5 APPPATH/Controllers/Home.php(32): view()
 6 APPPATH/Controllers/Home.php(25): App\Controllers\Home->info()
 7 SYSTEMPATH/CodeIgniter.php(941): App\Controllers\Home->formdata()
 8 SYSTEMPATH/CodeIgniter.php(502): CodeIgniter\CodeIgniter->runController()
 9 SYSTEMPATH/CodeIgniter.php(361): CodeIgniter\CodeIgniter->handleRequest()
10 FCPATH/index.php(79): CodeIgniter\CodeIgniter->run()
11 SYSTEMPATH/Commands/Server/rewrite.php(47): require_once('/home/aluno/Documentos/codeigniter4-framework-7d393f8/public/index.php')
CRITICAL - 2024-03-12 20:17:43 --> ErrorException: Undefined variable $data
in APPPATH/Views/info.php on line 21.
 1 APPPATH/Views/info.php(21): CodeIgniter\Debug\Exceptions->errorHandler()
 2 SYSTEMPATH/View/View.php(228): include('/home/aluno/Documentos/codeigniter4-framework-7d393f8/app/Views/info.php')
 3 SYSTEMPATH/View/View.php(231): CodeIgniter\View\View->CodeIgniter\View\{closure}()
 4 SYSTEMPATH/Common.php(1178): CodeIgniter\View\View->render()
 5 APPPATH/Controllers/Home.php(33): view()
 6 SYSTEMPATH/CodeIgniter.php(941): App\Controllers\Home->info()
 7 SYSTEMPATH/CodeIgniter.php(502): CodeIgniter\CodeIgniter->runController()
 8 SYSTEMPATH/CodeIgniter.php(361): CodeIgniter\CodeIgniter->handleRequest()
 9 FCPATH/index.php(79): CodeIgniter\CodeIgniter->run()
10 SYSTEMPATH/Commands/Server/rewrite.php(47): require_once('/home/aluno/Documentos/codeigniter4-framework-7d393f8/public/index.php')
CRITICAL - 2024-03-12 20:31:22 --> ErrorException: Undefined array key 0
in APPPATH/Views/info.php on line 22.
 1 APPPATH/Views/info.php(22): CodeIgniter\Debug\Exceptions->errorHandler()
 2 SYSTEMPATH/View/View.php(228): include('/home/aluno/Documentos/codeigniter4-framework-7d393f8/app/Views/info.php')
 3 SYSTEMPATH/View/View.php(231): CodeIgniter\View\View->CodeIgniter\View\{closure}()
 4 SYSTEMPATH/Common.php(1178): CodeIgniter\View\View->render()
 5 APPPATH/Controllers/Home.php(34): view()
 6 SYSTEMPATH/CodeIgniter.php(941): App\Controllers\Home->info()
 7 SYSTEMPATH/CodeIgniter.php(502): CodeIgniter\CodeIgniter->runController()
 8 SYSTEMPATH/CodeIgniter.php(361): CodeIgniter\CodeIgniter->handleRequest()
 9 FCPATH/index.php(79): CodeIgniter\CodeIgniter->run()
10 SYSTEMPATH/Commands/Server/rewrite.php(47): require_once('/home/aluno/Documentos/codeigniter4-framework-7d393f8/public/index.php')
CRITICAL - 2024-03-12 20:32:14 --> ErrorException: Undefined array key 0
in APPPATH/Views/info.php on line 22.
 1 APPPATH/Views/info.php(22): CodeIgniter\Debug\Exceptions->errorHandler()
 2 SYSTEMPATH/View/View.php(228): include('/home/aluno/Documentos/codeigniter4-framework-7d393f8/app/Views/info.php')
 3 SYSTEMPATH/View/View.php(231): CodeIgniter\View\View->CodeIgniter\View\{closure}()
 4 SYSTEMPATH/Common.php(1178): CodeIgniter\View\View->render()
 5 APPPATH/Controllers/Home.php(34): view()
 6 SYSTEMPATH/CodeIgniter.php(941): App\Controllers\Home->info()
 7 SYSTEMPATH/CodeIgniter.php(502): CodeIgniter\CodeIgniter->runController()
 8 SYSTEMPATH/CodeIgniter.php(361): CodeIgniter\CodeIgniter->handleRequest()
 9 FCPATH/index.php(79): CodeIgniter\CodeIgniter->run()
10 SYSTEMPATH/Commands/Server/rewrite.php(47): require_once('/home/aluno/Documentos/codeigniter4-framework-7d393f8/public/index.php')
CRITICAL - 2024-03-12 20:32:16 --> ErrorException: Undefined array key 0
in APPPATH/Views/info.php on line 22.
 1 APPPATH/Views/info.php(22): CodeIgniter\Debug\Exceptions->errorHandler()
 2 SYSTEMPATH/View/View.php(228): include('/home/aluno/Documentos/codeigniter4-framework-7d393f8/app/Views/info.php')
 3 SYSTEMPATH/View/View.php(231): CodeIgniter\View\View->CodeIgniter\View\{closure}()
 4 SYSTEMPATH/Common.php(1178): CodeIgniter\View\View->render()
 5 APPPATH/Controllers/Home.php(34): view()
 6 SYSTEMPATH/CodeIgniter.php(941): App\Controllers\Home->info()
 7 SYSTEMPATH/CodeIgniter.php(502): CodeIgniter\CodeIgniter->runController()
 8 SYSTEMPATH/CodeIgniter.php(361): CodeIgniter\CodeIgniter->handleRequest()
 9 FCPATH/index.php(79): CodeIgniter\CodeIgniter->run()
10 SYSTEMPATH/Commands/Server/rewrite.php(47): require_once('/home/aluno/Documentos/codeigniter4-framework-7d393f8/public/index.php')
CRITICAL - 2024-03-12 20:32:32 --> ErrorException: Undefined array key 3
in APPPATH/Views/info.php on line 22.
 1 APPPATH/Views/info.php(22): CodeIgniter\Debug\Exceptions->errorHandler()
 2 SYSTEMPATH/View/View.php(228): include('/home/aluno/Documentos/codeigniter4-framework-7d393f8/app/Views/info.php')
 3 SYSTEMPATH/View/View.php(231): CodeIgniter\View\View->CodeIgniter\View\{closure}()
 4 SYSTEMPATH/Common.php(1178): CodeIgniter\View\View->render()
 5 APPPATH/Controllers/Home.php(34): view()
 6 SYSTEMPATH/CodeIgniter.php(941): App\Controllers\Home->info()
 7 SYSTEMPATH/CodeIgniter.php(502): CodeIgniter\CodeIgniter->runController()
 8 SYSTEMPATH/CodeIgniter.php(361): CodeIgniter\CodeIgniter->handleRequest()
 9 FCPATH/index.php(79): CodeIgniter\CodeIgniter->run()
10 SYSTEMPATH/Commands/Server/rewrite.php(47): require_once('/home/aluno/Documentos/codeigniter4-framework-7d393f8/public/index.php')
CRITICAL - 2024-03-12 20:32:34 --> ErrorException: Undefined array key 3
in APPPATH/Views/info.php on line 22.
 1 APPPATH/Views/info.php(22): CodeIgniter\Debug\Exceptions->errorHandler()
 2 SYSTEMPATH/View/View.php(228): include('/home/aluno/Documentos/codeigniter4-framework-7d393f8/app/Views/info.php')
 3 SYSTEMPATH/View/View.php(231): CodeIgniter\View\View->CodeIgniter\View\{closure}()
 4 SYSTEMPATH/Common.php(1178): CodeIgniter\View\View->render()
 5 APPPATH/Controllers/Home.php(34): view()
 6 SYSTEMPATH/CodeIgniter.php(941): App\Controllers\Home->info()
 7 SYSTEMPATH/CodeIgniter.php(502): CodeIgniter\CodeIgniter->runController()
 8 SYSTEMPATH/CodeIgniter.php(361): CodeIgniter\CodeIgniter->handleRequest()
 9 FCPATH/index.php(79): CodeIgniter\CodeIgniter->run()
10 SYSTEMPATH/Commands/Server/rewrite.php(47): require_once('/home/aluno/Documentos/codeigniter4-framework-7d393f8/public/index.php')
